{
  "stats": {
    "suites": 4,
    "tests": 9,
    "passes": 9,
    "pending": 0,
    "failures": 0,
    "start": "2018-02-09T17:59:48.570Z",
    "end": "2018-02-09T17:59:48.701Z",
    "duration": 131,
    "testsRegistered": 9,
    "passPercent": 100,
    "pendingPercent": 0,
    "other": 0,
    "hasOther": false,
    "skipped": 0,
    "hasSkipped": false,
    "passPercentClass": "success",
    "pendingPercentClass": "danger"
  },
  "suites": {
    "uuid": "6fef5131-cd0f-487f-a3fb-5817d8f58135",
    "title": "",
    "fullFile": "",
    "file": "",
    "beforeHooks": [],
    "afterHooks": [],
    "tests": [],
    "suites": [
      {
        "uuid": "256767db-3a73-4375-8178-ff33a57a1756",
        "title": "dynamo db dao",
        "fullFile": "/Users/gk/Development/prm/dynamo-db-dao/.tmp/mocha-webpack/1518199185311/bundle.js",
        "file": "/.tmp/mocha-webpack/1518199185311/bundle.js",
        "beforeHooks": [],
        "afterHooks": [],
        "tests": [
          {
            "title": "can create dao",
            "fullTitle": "dynamo db dao can create dao",
            "timedOut": false,
            "duration": 15,
            "state": "passed",
            "speed": "fast",
            "pass": true,
            "fail": false,
            "pending": false,
            "code": "var dao = new DummyDao('Dummy', simpleSchema);",
            "err": {},
            "isRoot": false,
            "uuid": "af985017-2a58-48ac-bc6a-4bf07a21745c",
            "isHook": false,
            "skipped": false
          }
        ],
        "suites": [
          {
            "uuid": "d7e356ec-000c-4ffc-ad6d-d2a53957c582",
            "title": "typedValue",
            "fullFile": "/Users/gk/Development/prm/dynamo-db-dao/.tmp/mocha-webpack/1518199185311/bundle.js",
            "file": "/.tmp/mocha-webpack/1518199185311/bundle.js",
            "beforeHooks": [],
            "afterHooks": [],
            "tests": [
              {
                "title": "converts id",
                "fullTitle": "dynamo db dao typedValue converts id",
                "timedOut": false,
                "duration": 4,
                "state": "passed",
                "speed": "fast",
                "pass": true,
                "fail": false,
                "pending": false,
                "code": "var dao = new DummyDao('Dummy', simpleSchema);\n(0, _chai.expect)(dao.typedValue('id', '123')).to.deep.equal({ 'S': '123' });",
                "err": {},
                "isRoot": false,
                "uuid": "5e78f0a2-3ea2-4c58-b7da-eefb26304aa3",
                "isHook": false,
                "skipped": false
              },
              {
                "title": "converts number",
                "fullTitle": "dynamo db dao typedValue converts number",
                "timedOut": false,
                "duration": 1,
                "state": "passed",
                "speed": "fast",
                "pass": true,
                "fail": false,
                "pending": false,
                "code": "var dao = new DummyDao('Dummy', simpleSchema);\n(0, _chai.expect)(dao.typedValue('number', '123')).to.deep.equal({ 'N': '123' });",
                "err": {},
                "isRoot": false,
                "uuid": "18a0eafa-1491-4142-93b0-139633701775",
                "isHook": false,
                "skipped": false
              },
              {
                "title": "converts list of string",
                "fullTitle": "dynamo db dao typedValue converts list of string",
                "timedOut": false,
                "duration": 2,
                "state": "passed",
                "speed": "fast",
                "pass": true,
                "fail": false,
                "pending": false,
                "code": "var dao = new DummyDao('Dummy', simpleList);\nvar expected = {\n  'L': [{\n    'S': 'Bob'\n  }]\n};\n(0, _chai.expect)(dao.typedValue('list', ['Bob'])).to.deep.equal(expected);",
                "err": {},
                "isRoot": false,
                "uuid": "34639e3b-4954-4bbd-9019-76efc7de4c5a",
                "isHook": false,
                "skipped": false
              },
              {
                "title": "converts list of object",
                "fullTitle": "dynamo db dao typedValue converts list of object",
                "timedOut": false,
                "duration": 5,
                "state": "passed",
                "speed": "fast",
                "pass": true,
                "fail": false,
                "pending": false,
                "code": "var dao = new DummyDao('Dummy', complexList);\nvar expected = {\n  'L': [{\n    'M': {\n      name: {\n        'S': 'Bob'\n      }\n    }\n  }]\n};\n(0, _chai.expect)(dao.typedValue('list', [{ name: 'Bob' }])).to.deep.equal(expected);",
                "err": {},
                "isRoot": false,
                "uuid": "a216fc45-f049-43dc-bb5e-7510a1120900",
                "isHook": false,
                "skipped": false
              }
            ],
            "suites": [],
            "passes": [
              "5e78f0a2-3ea2-4c58-b7da-eefb26304aa3",
              "18a0eafa-1491-4142-93b0-139633701775",
              "34639e3b-4954-4bbd-9019-76efc7de4c5a",
              "a216fc45-f049-43dc-bb5e-7510a1120900"
            ],
            "failures": [],
            "pending": [],
            "skipped": [],
            "duration": 12,
            "root": false,
            "rootEmpty": false,
            "_timeout": 2000
          },
          {
            "uuid": "7acb0de9-39c6-496c-b88f-59b9d0d7c888",
            "title": "objectToTypedItem",
            "fullFile": "/Users/gk/Development/prm/dynamo-db-dao/.tmp/mocha-webpack/1518199185311/bundle.js",
            "file": "/.tmp/mocha-webpack/1518199185311/bundle.js",
            "beforeHooks": [],
            "afterHooks": [],
            "tests": [
              {
                "title": "converts simple object",
                "fullTitle": "dynamo db dao objectToTypedItem converts simple object",
                "timedOut": false,
                "duration": 1,
                "state": "passed",
                "speed": "fast",
                "pass": true,
                "fail": false,
                "pending": false,
                "code": "var dao = new DummyDao('Dummy', simpleSchema);\nvar object = { id: '123', number: '123' };\nvar expected = {\n  id: { 'S': '123' }, number: { 'N': '123' }\n};\n(0, _chai.expect)(dao.objectToTypedItem(object)).to.deep.equal(expected);",
                "err": {},
                "isRoot": false,
                "uuid": "f64f11ea-9808-436c-8da4-54b975ec2a2a",
                "isHook": false,
                "skipped": false
              },
              {
                "title": "converts simple list",
                "fullTitle": "dynamo db dao objectToTypedItem converts simple list",
                "timedOut": false,
                "duration": 1,
                "state": "passed",
                "speed": "fast",
                "pass": true,
                "fail": false,
                "pending": false,
                "code": "var dao = new DummyDao('Dummy', simpleList);\nvar object = { id: '123', list: ['123'] };\nvar expected = {\n  id: { 'S': '123' }, list: { 'L': [{ 'S': '123' }] }\n};\n(0, _chai.expect)(dao.objectToTypedItem(object)).to.deep.equal(expected);",
                "err": {},
                "isRoot": false,
                "uuid": "cfea60c0-6ddc-44b1-b363-63fba2f352d7",
                "isHook": false,
                "skipped": false
              },
              {
                "title": "converts complex list",
                "fullTitle": "dynamo db dao objectToTypedItem converts complex list",
                "timedOut": false,
                "duration": 1,
                "state": "passed",
                "speed": "fast",
                "pass": true,
                "fail": false,
                "pending": false,
                "code": "var dao = new DummyDao('Dummy', complexList);\nvar object = { id: '123', list: [{ name: 'Bob' }] };\nvar expected = {\n  id: { 'S': '123' }, list: { 'L': [{ 'M': { name: { 'S': 'Bob' } } }] }\n};\n(0, _chai.expect)(dao.objectToTypedItem(object)).to.deep.equal(expected);",
                "err": {},
                "isRoot": false,
                "uuid": "66bc977e-f4ea-4e45-b8e3-eeca43279bdc",
                "isHook": false,
                "skipped": false
              }
            ],
            "suites": [],
            "passes": [
              "f64f11ea-9808-436c-8da4-54b975ec2a2a",
              "cfea60c0-6ddc-44b1-b363-63fba2f352d7",
              "66bc977e-f4ea-4e45-b8e3-eeca43279bdc"
            ],
            "failures": [],
            "pending": [],
            "skipped": [],
            "duration": 3,
            "root": false,
            "rootEmpty": false,
            "_timeout": 2000
          },
          {
            "uuid": "82be9080-21c7-4ba6-b641-8bedb30577b8",
            "title": "update",
            "fullFile": "/Users/gk/Development/prm/dynamo-db-dao/.tmp/mocha-webpack/1518199185311/bundle.js",
            "file": "/.tmp/mocha-webpack/1518199185311/bundle.js",
            "beforeHooks": [
              {
                "title": "\"before each\" hook",
                "fullTitle": "dynamo db dao update \"before each\" hook",
                "timedOut": false,
                "duration": 0,
                "pass": false,
                "fail": false,
                "pending": false,
                "code": "putItemStub.reset();",
                "err": {},
                "isRoot": false,
                "uuid": "ccb9af08-a646-421e-b11e-67d660b7e2b6",
                "isHook": true,
                "skipped": false
              }
            ],
            "afterHooks": [],
            "tests": [
              {
                "title": "calls update with correct schema",
                "fullTitle": "dynamo db dao update calls update with correct schema",
                "timedOut": false,
                "duration": 4,
                "state": "passed",
                "speed": "fast",
                "pass": true,
                "fail": false,
                "pending": false,
                "code": "var dao = new DummyDao('Dummy', simpleSchema, { dynamodb: dynamodb });\nvar object = { id: '123', number: '123' };\nvar expected = {\n  TableName: 'Dummy',\n  Item: { id: { 'S': '123' }, number: { 'N': '123' } }\n};\nvar rv = 1;\nputItemStub.callsArgWith(1, null, rv);\ndao.putItem('123', object).then(function (d) {\n  (0, _chai.expect)(putItemStub).to.have.been.calledWith(expected);\n  (0, _chai.expect)(d).to.equal(rv);\n  done();\n}).catch(function (e) {\n  done(e);\n});",
                "err": {},
                "isRoot": false,
                "uuid": "d9d10b27-d02a-4841-8f6c-3adfb53f1f80",
                "isHook": false,
                "skipped": false
              }
            ],
            "suites": [],
            "passes": [
              "d9d10b27-d02a-4841-8f6c-3adfb53f1f80"
            ],
            "failures": [],
            "pending": [],
            "skipped": [],
            "duration": 4,
            "root": false,
            "rootEmpty": false,
            "_timeout": 2000
          }
        ],
        "passes": [
          "af985017-2a58-48ac-bc6a-4bf07a21745c"
        ],
        "failures": [],
        "pending": [],
        "skipped": [],
        "duration": 15,
        "root": false,
        "rootEmpty": false,
        "_timeout": 2000
      }
    ],
    "passes": [],
    "failures": [],
    "pending": [],
    "skipped": [],
    "duration": 0,
    "root": true,
    "rootEmpty": true,
    "_timeout": 2000
  },
  "copyrightYear": 2018
}